[debug] [2022-12-30T16:46:27.059Z] ----------------------------------------------------------------------
[debug] [2022-12-30T16:46:27.061Z] Command:       C:\Program Files\nodejs\node.exe C:\Users\IJAMY VINCENT\AppData\Roaming\npm\node_modules\firebase-tools\lib\bin\firebase.js init hosting
[debug] [2022-12-30T16:46:27.062Z] CLI Version:   11.18.0
[debug] [2022-12-30T16:46:27.062Z] Platform:      win32
[debug] [2022-12-30T16:46:27.063Z] Node Version:  v18.12.1
[debug] [2022-12-30T16:46:27.064Z] Time:          Fri Dec 30 2022 19:46:27 GMT+0300 (East Africa Time)
[debug] [2022-12-30T16:46:27.064Z] ----------------------------------------------------------------------
[debug] 
[debug] [2022-12-30T16:46:27.074Z] > command requires scopes: ["email","openid","https://www.googleapis.com/auth/cloudplatformprojects.readonly","https://www.googleapis.com/auth/firebase","https://www.googleapis.com/auth/cloud-platform"]
[debug] [2022-12-30T16:46:27.075Z] > authorizing via signed-in user (savijamy96@gmail.com)
[info] 
     ######## #### ########  ######## ########     ###     ######  ########
     ##        ##  ##     ## ##       ##     ##  ##   ##  ##       ##
     ######    ##  ########  ######   ########  #########  ######  ######
     ##        ##  ##    ##  ##       ##     ## ##     ##       ## ##
     ##       #### ##     ## ######## ########  ##     ##  ######  ########

You're about to initialize a Firebase project in this directory:

  C:\xampp\htdocs\project\pharmacy

Before we get started, keep in mind:

  * You are currently outside your home directory

[info] 
=== Project Setup
[info] 
[info] First, let's associate this project directory with a Firebase project.
[info] You can create multiple project aliases by running firebase use --add, 
[info] but for now we'll just set up a default project.
[info] 
[debug] [2022-12-30T16:46:35.914Z] >>> [apiv2][query] GET https://firebase.googleapis.com/v1beta1/projects pageSize=100
[debug] [2022-12-30T16:46:36.848Z] <<< [apiv2][status] GET https://firebase.googleapis.com/v1beta1/projects 200
[debug] [2022-12-30T16:46:36.848Z] <<< [apiv2][body] GET https://firebase.googleapis.com/v1beta1/projects [omitted]
[info] i  Using project rozypharmacy (rozypharmacy) 
[info] 
=== Hosting Setup
[info] 
[info] Your public directory is the folder (relative to your project directory) that
[info] will contain Hosting assets to be uploaded with firebase deploy. If you
[info] have a build process for your assets, use your build's output directory.
[info] 
[debug] [2022-12-30T16:46:53.432Z] >>> [apiv2][query] GET https://www.gstatic.com/firebasejs/releases.json [none]
